MPASM 5.82                          MAIN.ASM   6-20-2023  19:19:47         PAGE  1


LOC  OBJECT CODE     LINE SOURCE TEXT
  VALUE

                      00001 ; TODO INSERT CONFIG CODE HERE USING CONFIG BITS GENERATOR
                      00002 #include <p18f2550.inc>
                      00001         LIST
                      00002 
                      00003 ;==========================================================================
                      00004 ; Build date : Sep 19 2018
                      00005 ;  MPASM PIC18F2550 processor include
                      00006 ; 
                      00007 ;  (c) Copyright 1999-2018 Microchip Technology, All rights reserved
                      00008 ;==========================================================================
                      00009 
                      01578         LIST
Warning[205]: Found directive in column 1. (LIST)
                      00003 LIST P=18F2550
Warning[205]: Found directive in column 1. (CONFIG)
                      00004 CONFIG WDT=OFF ; WATCHDOG TIMER OFF
Warning[205]: Found directive in column 1. (CONFIG)
                      00005 CONFIG FOSC = XT_XT ; CONFIGURE CLOCK SOURCE TO EXTERNAL CRYSTAL
Warning[205]: Found directive in column 1. (CONFIG)
                      00006 CONFIG LVP = OFF ; LOW VOLTAGE PROGRAMMING DISABLED
Warning[205]: Found directive in column 1. (CONFIG)
                      00007 CONFIG BOR = OFF ; Brown Out Reset OFF
Warning[205]: Found directive in column 1. (CONFIG)
                      00008 CONFIG VREGEN = OFF ; USB voltage regulator OFF
Warning[205]: Found directive in column 1. (CONFIG)
                      00009 CONFIG PBADEN = OFF ; PORTB<4:0> pins are configured as digital I/O on Reset.
Warning[205]: Found directive in column 1. (CONFIG)
                      00010 CONFIG MCLRE = ON ; MCLR pin enabled; RE3 input pin disabled.
                      00011 
                      00012     
                      00013 RES_VECT  CODE    0x0000            ; processor reset vector
                      00014     ORG 0X00
Warning[207]: Found label after column 1. (COUNT)
  00000014            00015     COUNT       EQU         0x14
Warning[207]: Found label after column 1. (SET_COUNT)
  00000015            00016     SET_COUNT   EQU         0X15
Warning[207]: Found label after column 1. (RESET_COUNT)
  00000016            00017     RESET_COUNT EQU         0X16
000000 EC?? F???      00018     CALL SET_PWM_10
000004 EF?? F???      00019     GOTO    MAIN                   ; go to beginning of program
                      00020 
                      00021 ; TODO ADD INTERRUPTS HERE IF USED
                      00022 
                      00023 MAIN_PROG CODE                      ; let linker place main program
                      00024 
000000                00025 MAIN
                      00026     ; B=OUTPUT
000000 6A93           00027     CLRF TRISB
                      00028     
                      00029     ; C6, C7=INPUT
000002 8C94           00030     BSF TRISC, 6
000004 8E94           00031     BSF TRISC, 7
                      00032     
MPASM 5.82                          MAIN.ASM   6-20-2023  19:19:47         PAGE  2


LOC  OBJECT CODE     LINE SOURCE TEXT
  VALUE

                      00033     ;C0, C1 OUTPUT
000006 9094           00034     BCF TRISC, 0
000008 8294           00035     BSF TRISC, 1
                      00036     
                      00037     ;;;;;;;;;;;;;;;;;;;;;; SELECT MODE (C6, C7) ;;;;;;;;;;;;;;;;;;;;;;
00000A AC82           00038     BTFSS PORTC, 6
00000C EF?? F???      00039     GOTO MAIN_PWD
                      00040     
000010 AE82           00041     BTFSS PORTC, 7
000012 EF?? F???      00042     GOTO MAIN_ABSHAR
                      00043     
000016 EF?? F???      00044     GOTO MAIN_ONE_OF_N
                      00045 
00001A EF?? F???      00046     GOTO MAIN
                      00047     
00001E                00048 MAIN_ABSHAR
00001E EC?? F???      00049     CALL ABSHAR
000022 EF?? F???      00050     GOTO MAIN
                      00051     
000026                00052 MAIN_ONE_OF_N
000026 EC?? F???      00053     CALL ONE_OF_N
00002A EF?? F???      00054     GOTO MAIN
                      00055     
00002E                00056 MAIN_PWD
                      00057     ; IF BUTTON PRESSED, ADD 10%
00002E A282           00058     BTFSS PORTC, 1
000030 EC?? F???      00059     CALL ADD_TO_PWM
                      00060     
000034 EC?? F???      00061     CALL PWD
000038 EF?? F???      00062     GOTO MAIN
                      00063    
                      00064     
00003C                00065 SET_PWM_10
00003C 0E01           00066     MOVLW D'1'
00003E 6E15           00067     MOVWF SET_COUNT
000040 0E09           00068     MOVLW D'9'
000042 6E16           00069     MOVWF RESET_COUNT
000044 0012           00070     RETURN
                      00071     
000046                00072 ADD_TO_PWM
000046 2A15           00073     INCF SET_COUNT
000048 4E16           00074     DCFSNZ RESET_COUNT
00004A EC?? F???      00075     CALL SET_PWM_10
00004E 0012           00076     RETURN
                      00077     
000050                00078 PWD 
000050 8082           00079     BSF PORTC, 0
000052 5015           00080     MOVF SET_COUNT, W
000054 0D0A           00081     MULLW D'10'
000056 EC?? F???      00082     CALL LOOP_DELAY
                      00083 
00005A 9082           00084     BCF PORTC, 0
00005C 5016           00085     MOVF RESET_COUNT, W
MPASM 5.82                          MAIN.ASM   6-20-2023  19:19:47         PAGE  3


LOC  OBJECT CODE     LINE SOURCE TEXT
  VALUE

00005E 0D0A           00086     MULLW D'10'
000060 EC?? F???      00087     CALL LOOP_DELAY
                      00088 
000064 0012           00089     RETURN    
                      00090     
                      00091     
000066                00092 ABSHAR
000066 0E00           00093     MOVLW 0X00
000068 EC?? F???      00094     CALL SEND
00006C 0E05           00095     MOVLW D'5' ; 500ms
00006E EC?? F???      00096     CALL LOOP_DELAY
                      00097     
000072 0E01           00098     MOVLW B'00000001'
000074 EC?? F???      00099     CALL SEND
000078 0E05           00100     MOVLW D'5'
00007A EC?? F???      00101     CALL LOOP_DELAY
                      00102     
00007E 0E03           00103     MOVLW B'00000011'
000080 EC?? F???      00104     CALL SEND
000084 0E05           00105     MOVLW D'5'
000086 EC?? F???      00106     CALL LOOP_DELAY
                      00107     
00008A 0E07           00108     MOVLW B'00000111'
00008C EC?? F???      00109     CALL SEND
000090 0E05           00110     MOVLW D'5'
000092 EC?? F???      00111     CALL LOOP_DELAY
                      00112     
000096 0E0F           00113     MOVLW B'00001111'
000098 EC?? F???      00114     CALL SEND
00009C 0E05           00115     MOVLW D'5'
00009E EC?? F???      00116     CALL LOOP_DELAY
                      00117     
0000A2 0E1F           00118     MOVLW B'00011111'
0000A4 EC?? F???      00119     CALL SEND
0000A8 0E05           00120     MOVLW D'5'
0000AA EC?? F???      00121     CALL LOOP_DELAY
                      00122     
0000AE 0E3F           00123     MOVLW B'00111111'
0000B0 EC?? F???      00124     CALL SEND
0000B4 0E05           00125     MOVLW D'5'
0000B6 EC?? F???      00126     CALL LOOP_DELAY
                      00127     
0000BA 0E7F           00128     MOVLW B'01111111'
0000BC EC?? F???      00129     CALL SEND
0000C0 0E05           00130     MOVLW D'5'
0000C2 EC?? F???      00131     CALL LOOP_DELAY
                      00132     
0000C6 0EFF           00133     MOVLW B'11111111'
0000C8 EC?? F???      00134     CALL SEND
0000CC 0E05           00135     MOVLW D'5'
0000CE EC?? F???      00136     CALL LOOP_DELAY
                      00137   
0000D2 0E7F           00138     MOVLW B'01111111'
MPASM 5.82                          MAIN.ASM   6-20-2023  19:19:47         PAGE  4


LOC  OBJECT CODE     LINE SOURCE TEXT
  VALUE

0000D4 EC?? F???      00139     CALL SEND
0000D8 0E05           00140     MOVLW D'5'
0000DA EC?? F???      00141     CALL LOOP_DELAY
                      00142     
0000DE 0E3F           00143     MOVLW B'00111111'
0000E0 EC?? F???      00144     CALL SEND
0000E4 0E05           00145     MOVLW D'5'
0000E6 EC?? F???      00146     CALL LOOP_DELAY
                      00147     
0000EA 0E1F           00148     MOVLW B'00011111'
0000EC EC?? F???      00149     CALL SEND
0000F0 0E05           00150     MOVLW D'5'
0000F2 EC?? F???      00151     CALL LOOP_DELAY
                      00152     
0000F6 0E0F           00153     MOVLW B'00001111'
0000F8 EC?? F???      00154     CALL SEND
0000FC 0E05           00155     MOVLW D'5'
0000FE EC?? F???      00156     CALL LOOP_DELAY
                      00157     
000102 0E07           00158     MOVLW B'00000111'
000104 EC?? F???      00159     CALL SEND
000108 0E05           00160     MOVLW D'5'
00010A EC?? F???      00161     CALL LOOP_DELAY
                      00162     
00010E 0E03           00163     MOVLW B'00000011'
000110 EC?? F???      00164     CALL SEND
000114 0E05           00165     MOVLW D'5'
000116 EC?? F???      00166     CALL LOOP_DELAY
                      00167     
00011A 0E01           00168     MOVLW B'00000001'
00011C EC?? F???      00169     CALL SEND
000120 0E05           00170     MOVLW D'5'
000122 EC?? F???      00171     CALL LOOP_DELAY     
                      00172     
000126 0E00           00173     MOVLW 0X00
000128 EC?? F???      00174     CALL SEND
00012C 0E05           00175     MOVLW D'5'
00012E EC?? F???      00176     CALL LOOP_DELAY
                      00177     
000132 0012           00178     RETURN
                      00179     
                      00180     
000134                00181 ONE_OF_N
000134 6A81           00182     CLRF PORTB
000136 0E05           00183     MOVLW D'5' ; FOR 500 ms DELAY
000138 EC?? F???      00184     CALL LOOP_DELAY
                      00185 
00013C 0E01           00186     MOVLW B'00000001'
00013E EC?? F???      00187     CALL SEND
000142 0E05           00188     MOVLW D'5'
000144 EC?? F???      00189     CALL LOOP_DELAY
                      00190     
000148 0E02           00191     MOVLW B'00000010'
MPASM 5.82                          MAIN.ASM   6-20-2023  19:19:47         PAGE  5


LOC  OBJECT CODE     LINE SOURCE TEXT
  VALUE

00014A EC?? F???      00192     CALL SEND
00014E 0E05           00193     MOVLW D'5'
000150 EC?? F???      00194     CALL LOOP_DELAY
                      00195     
000154 0E04           00196     MOVLW B'00000100'
000156 EC?? F???      00197     CALL SEND
00015A 0E05           00198     MOVLW D'5'
00015C EC?? F???      00199     CALL LOOP_DELAY
                      00200     
000160 0E08           00201     MOVLW B'00001000'
000162 EC?? F???      00202     CALL SEND
000166 0E05           00203     MOVLW D'5'
000168 EC?? F???      00204     CALL LOOP_DELAY
                      00205     
00016C 0E10           00206     MOVLW B'00010000'
00016E EC?? F???      00207     CALL SEND
000172 0E05           00208     MOVLW D'5'
000174 EC?? F???      00209     CALL LOOP_DELAY
                      00210     
000178 0E20           00211     MOVLW B'00100000'
00017A EC?? F???      00212     CALL SEND
00017E 0E05           00213     MOVLW D'5'
000180 EC?? F???      00214     CALL LOOP_DELAY
                      00215     
000184 0E40           00216     MOVLW B'01000000'
000186 EC?? F???      00217     CALL SEND
00018A 0E05           00218     MOVLW D'5'
00018C EC?? F???      00219     CALL LOOP_DELAY
                      00220     
000190 0E80           00221     MOVLW B'10000000'
000192 EC?? F???      00222     CALL SEND
000196 0E05           00223     MOVLW D'5'
000198 EC?? F???      00224     CALL LOOP_DELAY
                      00225     
00019C 0012           00226     RETURN
                      00227 
                      00228 
00019E                00229 ROTATE_LEFT
00019E 3681           00230     RLCF PORTB
0001A0 0012           00231     RETURN   
                      00232     
0001A2                00233 SEND
0001A2 6E81           00234     MOVWF PORTB
0001A4 0012           00235     RETURN
                      00236 
                      00237     
0001A6                00238 LOOP_DELAY
                      00239     ; COUNT <= W
0001A6 6E14           00240     MOVWF COUNT,A
Warning[207]: Found label after column 1. (AGAIN)
0001A8                00241     AGAIN
0001A8 EC?? F???      00242         CALL DELAY ;LOOP BODY
0001AC 0614           00243     DECF COUNT,F,A
MPASM 5.82                          MAIN.ASM   6-20-2023  19:19:47         PAGE  6


LOC  OBJECT CODE     LINE SOURCE TEXT
  VALUE

0001AE E1??           00244     BNZ AGAIN
0001B0 0012           00245     RETURN
                      00246     
                      00247     
0001B2                00248 DELAY ; 0.1S
0001B2 0E19           00249     MOVLW D'25'            ; Load delay value (25 x 4ms = 0.1 sec)
0001B4 6E20           00250     MOVWF 0x20              ; Store delay value in memory
Warning[207]: Found label after column 1. (delay_loop)
0001B6                00251     delay_loop
0001B6 0EFA           00252         MOVLW D'250'        ; Load inner loop delay value (250 x 4us = 1ms)
0001B8 6E21           00253         MOVWF 0X21
Warning[207]: Found label after column 1. (delay_inner)
0001BA                00254         delay_inner
0001BA 0000           00255             NOP             ; Delay for one instruction cycle (4us @ 4 MHz)
0001BC 2E21           00256             DECFSZ 0x21, F   ; Decrement delay value
0001BE EF?? F???      00257             GOTO delay_inner ; Loop until delay value is zero
0001C2 2E20           00258         DECFSZ 0x20, F       ; Decrement outer loop delay value
0001C4 EF?? F???      00259         GOTO delay_loop      ; Loop until outer loop delay value is zero
0001C8 0012           00260     RETURN
                      00261     
                      00262     
Warning[205]: Found directive in column 1. (END)
                      00263 END
MPASM 5.82                          MAIN.ASM   6-20-2023  19:19:47         PAGE  7


SYMBOL TABLE
  LABEL                             VALUE 

A                                 00000000
ABDEN                             00000000
ABDOVF                            00000007
ABSHAR                            00000066
ACCESS                            00000000
ACKDT                             00000005
ACKEN                             00000004
ACKSTAT                           00000006
ACQT0                             00000003
ACQT1                             00000004
ACQT2                             00000005
ACTVIE                            00000002
ACTVIF                            00000002
ADCON0                            00000FC2
ADCON1                            00000FC1
ADCON2                            00000FC0
ADCS0                             00000000
ADCS1                             00000001
ADCS2                             00000002
ADDEN                             00000003
ADDR0                             00000000
ADDR1                             00000001
ADDR2                             00000002
ADDR3                             00000003
ADDR4                             00000004
ADDR5                             00000005
ADDR6                             00000006
ADD_TO_PWM                        00000046
ADEN                              00000003
ADFM                              00000007
ADIE                              00000006
ADIF                              00000006
ADIP                              00000006
ADON                              00000000
ADRES                             00000FC3
ADRESH                            00000FC4
ADRESL                            00000FC3
AGAIN                             000001A8
AN0                               00000000
AN1                               00000001
AN2                               00000002
AN3                               00000003
AN4                               00000005
BANKED                            00000001
BAUDCON                           00000FB8
BAUDCTL                           00000FB8
BCLIE                             00000003
BCLIF                             00000003
BCLIP                             00000003
BF                                00000000
BGST                              00000005
BOR                               00000000
BRG16                             00000003
MPASM 5.82                          MAIN.ASM   6-20-2023  19:19:47         PAGE  8


SYMBOL TABLE
  LABEL                             VALUE 

BRGH                              00000002
BSR                               00000FE0
BTOEE                             00000004
BTOEF                             00000004
BTSEE                             00000007
BTSEF                             00000007
C                                 00000000
C1INV                             00000004
C1OUT                             00000006
C2INV                             00000005
C2OUT                             00000007
CCP1                              00000002
CCP1AS                            00000FB6
CCP1CON                           00000FBD
CCP1DEL                           00000FB7
CCP1IE                            00000002
CCP1IF                            00000002
CCP1IP                            00000002
CCP1M0                            00000000
CCP1M1                            00000001
CCP1M2                            00000002
CCP1M3                            00000003
CCP2CON                           00000FBA
CCP2IE                            00000000
CCP2IF                            00000000
CCP2IP                            00000000
CCP2M0                            00000000
CCP2M1                            00000001
CCP2M2                            00000002
CCP2M3                            00000003
CCPR1                             00000FBE
CCPR1H                            00000FBF
CCPR1L                            00000FBE
CCPR2                             00000FBB
CCPR2H                            00000FBC
CCPR2L                            00000FBB
CFGS                              00000006
CHS0                              00000002
CHS1                              00000003
CHS2                              00000004
CHS3                              00000005
CIS                               00000003
CK                                00000006
CKE                               00000006
CKP                               00000004
CM0                               00000000
CM1                               00000001
CM2                               00000002
CMCON                             00000FB4
CMIE                              00000006
CMIF                              00000006
CMIP                              00000006
COUNT                             00000014
MPASM 5.82                          MAIN.ASM   6-20-2023  19:19:47         PAGE  9


SYMBOL TABLE
  LABEL                             VALUE 

CRC16EE                           00000002
CRC16EF                           00000002
CRC5EE                            00000001
CRC5EF                            00000001
CREN                              00000004
CSRC                              00000007
CVR0                              00000000
CVR1                              00000001
CVR2                              00000002
CVR3                              00000003
CVRCON                            00000FB5
CVREF                             00000004
CVREN                             00000007
CVROE                             00000006
CVRR                              00000005
CVRSS                             00000004
D                                 00000005
DATA_ADDRESS                      00000005
DC                                00000001
DC1B0                             00000004
DC1B1                             00000005
DC2B0                             00000004
DC2B1                             00000005
DDRA                              TRISA
DDRB                              TRISB
DDRC                              TRISC
DDRD                              TRISD
DDRE                              TRISE
DELAY                             000001B2
DFN8EE                            00000003
DFN8EF                            00000003
DIR                               00000002
DONE                              00000001
D_A                               00000005
D_NOT_A                           00000005
ECCP1AS                           00000FB6
ECCP1DEL                          00000FB7
ECCPAS0                           00000004
ECCPAS1                           00000005
ECCPAS2                           00000006
ECCPASE                           00000007
EEADR                             00000FA9
EECON1                            00000FA6
EECON2                            00000FA7
EEDATA                            00000FA8
EEIE                              00000004
EEIF                              00000004
EEIP                              00000004
EEPGD                             00000007
ENDP0                             00000003
ENDP1                             00000004
ENDP2                             00000005
ENDP3                             00000006
MPASM 5.82                          MAIN.ASM   6-20-2023  19:19:47         PAGE 10


SYMBOL TABLE
  LABEL                             VALUE 

EPCONDIS                          00000003
EPHSHK                            00000004
EPINEN                            00000001
EPOUTEN                           00000002
EPSTALL                           00000000
FAST                              00000001
FERR                              00000002
FLTS                              00000002
FREE                              00000004
FRM0                              00000000
FRM1                              00000001
FRM10                             00000002
FRM2                              00000002
FRM3                              00000003
FRM4                              00000004
FRM5                              00000005
FRM6                              00000006
FRM7                              00000007
FRM8                              00000000
FRM9                              00000001
FSEN                              00000002
FSR0                              00000000
FSR0H                             00000FEA
FSR0L                             00000FE9
FSR1                              00000001
FSR1H                             00000FE2
FSR1L                             00000FE1
FSR2                              00000002
FSR2H                             00000FDA
FSR2L                             00000FD9
GCEN                              00000007
GIE                               00000007
GIEH                              00000007
GIEL                              00000006
GIE_GIEH                          00000007
GO                                00000001
GO_DONE                           00000001
GO_NOT_DONE                       00000001
HLVDCON                           00000FD2
HLVDEN                            00000004
HLVDIE                            00000002
HLVDIF                            00000002
HLVDIN                            00000005
HLVDIP                            00000002
HLVDL0                            00000000
HLVDL1                            00000001
HLVDL2                            00000002
HLVDL3                            00000003
I2C_DAT                           00000005
I2C_READ                          00000002
I2C_START                         00000003
I2C_STOP                          00000004
IDLEIE                            00000004
MPASM 5.82                          MAIN.ASM   6-20-2023  19:19:47         PAGE 11


SYMBOL TABLE
  LABEL                             VALUE 

IDLEIF                            00000004
IDLEN                             00000007
INDF0                             00000FEF
INDF1                             00000FE7
INDF2                             00000FDF
INT0                              00000000
INT0E                             00000004
INT0F                             00000001
INT0IE                            00000004
INT0IF                            00000001
INT1                              00000001
INT1E                             00000003
INT1F                             00000000
INT1IE                            00000003
INT1IF                            00000000
INT1IP                            00000006
INT1P                             00000006
INT2                              00000002
INT2E                             00000004
INT2F                             00000001
INT2IE                            00000004
INT2IF                            00000001
INT2IP                            00000007
INT2P                             00000007
INTCON                            00000FF2
INTCON2                           00000FF1
INTCON3                           00000FF0
INTEDG0                           00000006
INTEDG1                           00000005
INTEDG2                           00000004
INTSRC                            00000007
IOFS                              00000002
IPEN                              00000007
IPR1                              00000F9F
IPR2                              00000FA2
IRCF0                             00000004
IRCF1                             00000005
IRCF2                             00000006
IRVST                             00000005
IVRST                             00000005
LATA                              00000F89
LATA0                             00000000
LATA1                             00000001
LATA2                             00000002
LATA3                             00000003
LATA4                             00000004
LATA5                             00000005
LATA6                             00000006
LATB                              00000F8A
LATB0                             00000000
LATB1                             00000001
LATB2                             00000002
LATB3                             00000003
MPASM 5.82                          MAIN.ASM   6-20-2023  19:19:47         PAGE 12


SYMBOL TABLE
  LABEL                             VALUE 

LATB4                             00000004
LATB5                             00000005
LATB6                             00000006
LATB7                             00000007
LATC                              00000F8B
LATC0                             00000000
LATC1                             00000001
LATC2                             00000002
LATC6                             00000006
LATC7                             00000007
LOOP_DELAY                        000001A6
LVDCON                            00000FD2
LVDEN                             00000004
LVDIE                             00000002
LVDIF                             00000002
LVDIN                             00000005
LVDIP                             00000002
LVDL0                             00000000
LVDL1                             00000001
LVDL2                             00000002
LVDL3                             00000003
LVV0                              00000000
LVV1                              00000001
LVV2                              00000002
LVV3                              00000003
MAIN                              00000000
MAIN_ABSHAR                       0000001E
MAIN_ONE_OF_N                     00000026
MAIN_PWD                          0000002E
N                                 00000004
NOT_A                             00000005
NOT_ADDRESS                       00000005
NOT_BOR                           00000000
NOT_DONE                          00000001
NOT_IPEN                          00000007
NOT_PD                            00000002
NOT_POR                           00000001
NOT_RBPU                          00000007
NOT_RI                            00000004
NOT_T1SYNC                        00000002
NOT_T3SYNC                        00000002
NOT_TO                            00000003
NOT_W                             00000002
NOT_WRITE                         00000002
OERR                              00000001
ONE_OF_N                          00000134
OSC2                              00000006
OSCCON                            00000FD3
OSCFIE                            00000007
OSCFIF                            00000007
OSCFIP                            00000007
OSCTUNE                           00000F9B
OSTS                              00000003
MPASM 5.82                          MAIN.ASM   6-20-2023  19:19:47         PAGE 13


SYMBOL TABLE
  LABEL                             VALUE 

OV                                00000003
P                                 00000004
P1A                               00000002
PC                                00000FF9
PCFG0                             00000000
PCFG1                             00000001
PCFG2                             00000002
PCFG3                             00000003
PCL                               00000FF9
PCLATH                            00000FFA
PCLATU                            00000FFB
PD                                00000002
PEIE                              00000006
PEIE_GIEL                         00000006
PEN                               00000002
PGC                               00000006
PGD                               00000007
PGM                               00000005
PIDEE                             00000000
PIDEF                             00000000
PIE1                              00000F9D
PIE2                              00000FA0
PIR1                              00000F9E
PIR2                              00000FA1
PKTDIS                            00000004
PLUSW0                            00000FEB
PLUSW1                            00000FE3
PLUSW2                            00000FDB
POR                               00000001
PORTA                             00000F80
PORTB                             00000F81
PORTC                             00000F82
PORTE                             00000F84
POSTDEC0                          00000FED
POSTDEC1                          00000FE5
POSTDEC2                          00000FDD
POSTINC0                          00000FEE
POSTINC1                          00000FE6
POSTINC2                          00000FDE
PPB0                              00000000
PPB1                              00000001
PPBI                              00000001
PPBRST                            00000006
PR2                               00000FCB
PREINC0                           00000FEC
PREINC1                           00000FE4
PREINC2                           00000FDC
PROD                              00000FF3
PRODH                             00000FF4
PRODL                             00000FF3
PRSEN                             00000007
PSA                               00000003
PSSAC0                            00000002
MPASM 5.82                          MAIN.ASM   6-20-2023  19:19:47         PAGE 14


SYMBOL TABLE
  LABEL                             VALUE 

PSSAC1                            00000003
PWD                               00000050
R                                 00000002
RA0                               00000000
RA1                               00000001
RA2                               00000002
RA3                               00000003
RA4                               00000004
RA5                               00000005
RA6                               00000006
RB0                               00000000
RB1                               00000001
RB2                               00000002
RB3                               00000003
RB4                               00000004
RB5                               00000005
RB6                               00000006
RB7                               00000007
RBIE                              00000003
RBIF                              00000000
RBIP                              00000000
RBPU                              00000007
RC0                               00000000
RC1                               00000001
RC2                               00000002
RC4                               00000004
RC5                               00000005
RC6                               00000006
RC7                               00000007
RCEN                              00000003
RCIDL                             00000006
RCIE                              00000005
RCIF                              00000005
RCIP                              00000005
RCMT                              00000006
RCON                              00000FD0
RCREG                             00000FAE
RCSTA                             00000FAB
RD                                00000000
RD16                              00000007
RE3                               00000003
READ_WRITE                        00000002
RESET_COUNT                       00000016
RESUME                            00000002
RI                                00000004
ROTATE_LEFT                       0000019E
RSEN                              00000001
RX                                00000007
RX9                               00000006
RX9D                              00000000
RXDTP                             00000005
R_NOT_W                           00000002
R_W                               00000002
MPASM 5.82                          MAIN.ASM   6-20-2023  19:19:47         PAGE 15


SYMBOL TABLE
  LABEL                             VALUE 

S                                 00000003
SBOREN                            00000006
SCKP                              00000004
SCS0                              00000000
SCS1                              00000001
SE0                               00000005
SEN                               00000000
SEND                              000001A2
SENDB                             00000003
SET_COUNT                         00000015
SET_PWM_10                        0000003C
SMP                               00000007
SOFIE                             00000006
SOFIF                             00000006
SPBRG                             00000FAF
SPBRGH                            00000FB0
SPEN                              00000007
SREN                              00000005
SSPADD                            00000FC8
SSPBUF                            00000FC9
SSPCON1                           00000FC6
SSPCON2                           00000FC5
SSPEN                             00000005
SSPIE                             00000003
SSPIF                             00000003
SSPIP                             00000003
SSPM0                             00000000
SSPM1                             00000001
SSPM2                             00000002
SSPM3                             00000003
SSPOV                             00000006
SSPSTAT                           00000FC7
STALLIE                           00000005
STALLIF                           00000005
STATUS                            00000FD8
STKFUL                            00000007
STKOVF                            00000007
STKPTR                            00000FFC
STKPTR0                           00000000
STKPTR1                           00000001
STKPTR2                           00000002
STKPTR3                           00000003
STKPTR4                           00000004
STKUNF                            00000006
SUSPND                            00000001
SWDTE                             00000000
SWDTEN                            00000000
SYNC                              00000004
T08BIT                            00000006
T0CKI                             00000004
T0CON                             00000FD5
T0CS                              00000005
T0IE                              00000005
MPASM 5.82                          MAIN.ASM   6-20-2023  19:19:47         PAGE 16


SYMBOL TABLE
  LABEL                             VALUE 

T0IF                              00000002
T0IP                              00000002
T0PS0                             00000000
T0PS1                             00000001
T0PS2                             00000002
T0SE                              00000004
T13CKI                            00000000
T1CKPS0                           00000004
T1CKPS1                           00000005
T1CON                             00000FCD
T1OSCEN                           00000003
T1OSI                             00000001
T1OSO                             00000000
T1RUN                             00000006
T1SYNC                            00000002
T2CKPS0                           00000000
T2CKPS1                           00000001
T2CON                             00000FCA
T2OUTPS0                          00000003
T2OUTPS1                          00000004
T2OUTPS2                          00000005
T2OUTPS3                          00000006
T3CCP1                            00000003
T3CCP2                            00000006
T3CKPS0                           00000004
T3CKPS1                           00000005
T3CON                             00000FB1
T3NSYNC                           00000002
T3SYNC                            00000002
TABLAT                            00000FF5
TBLPTR                            00000FF6
TBLPTRH                           00000FF7
TBLPTRL                           00000FF6
TBLPTRU                           00000FF8
TMR0                              00000FD6
TMR0H                             00000FD7
TMR0IE                            00000005
TMR0IF                            00000002
TMR0IP                            00000002
TMR0L                             00000FD6
TMR0ON                            00000007
TMR1                              00000FCE
TMR1CS                            00000001
TMR1H                             00000FCF
TMR1IE                            00000000
TMR1IF                            00000000
TMR1IP                            00000000
TMR1L                             00000FCE
TMR1ON                            00000000
TMR2                              00000FCC
TMR2IE                            00000001
TMR2IF                            00000001
TMR2IP                            00000001
MPASM 5.82                          MAIN.ASM   6-20-2023  19:19:47         PAGE 17


SYMBOL TABLE
  LABEL                             VALUE 

TMR2ON                            00000002
TMR3                              00000FB2
TMR3CS                            00000001
TMR3H                             00000FB3
TMR3IE                            00000001
TMR3IF                            00000001
TMR3IP                            00000001
TMR3L                             00000FB2
TMR3ON                            00000000
TO                                00000003
TOS                               00000FFD
TOSH                              00000FFE
TOSL                              00000FFD
TOSU                              00000FFF
TOUTPS0                           00000003
TOUTPS1                           00000004
TOUTPS2                           00000005
TOUTPS3                           00000006
TRISA                             00000F92
TRISA0                            00000000
TRISA1                            00000001
TRISA2                            00000002
TRISA3                            00000003
TRISA4                            00000004
TRISA5                            00000005
TRISA6                            00000006
TRISB                             00000F93
TRISB0                            00000000
TRISB1                            00000001
TRISB2                            00000002
TRISB3                            00000003
TRISB4                            00000004
TRISB5                            00000005
TRISB6                            00000006
TRISB7                            00000007
TRISC                             00000F94
TRISC0                            00000000
TRISC1                            00000001
TRISC2                            00000002
TRISC6                            00000006
TRISC7                            00000007
TRMT                              00000001
TRNIE                             00000003
TRNIF                             00000003
TUN0                              00000000
TUN1                              00000001
TUN2                              00000002
TUN3                              00000003
TUN4                              00000004
TX                                00000006
TX9                               00000006
TX9D                              00000000
TXCKP                             00000004
MPASM 5.82                          MAIN.ASM   6-20-2023  19:19:47         PAGE 18


SYMBOL TABLE
  LABEL                             VALUE 

TXEN                              00000005
TXIE                              00000004
TXIF                              00000004
TXIP                              00000004
TXREG                             00000FAD
TXSTA                             00000FAC
UA                                00000001
UADDR                             00000F6E
UCFG                              00000F6F
UCON                              00000F6D
UEIE                              00000F6B
UEIR                              00000F6A
UEP0                              00000F70
UEP1                              00000F71
UEP10                             00000F7A
UEP11                             00000F7B
UEP12                             00000F7C
UEP13                             00000F7D
UEP14                             00000F7E
UEP15                             00000F7F
UEP2                              00000F72
UEP3                              00000F73
UEP4                              00000F74
UEP5                              00000F75
UEP6                              00000F76
UEP7                              00000F77
UEP8                              00000F78
UEP9                              00000F79
UERRIE                            00000001
UERRIF                            00000001
UFRM                              00000F66
UFRMH                             00000F67
UFRML                             00000F66
UIE                               00000F69
UIR                               00000F68
UOEMON                            00000006
UPUEN                             00000004
URSTIE                            00000000
URSTIF                            00000000
USBEN                             00000003
USBIE                             00000005
USBIF                             00000005
USBIP                             00000005
USTAT                             00000F6C
UTEYE                             00000007
UTRDIS                            00000003
VCFG0                             00000004
VCFG1                             00000005
VDIRMAG                           00000007
VREFM                             00000002
VREFP                             00000003
W                                 00000000
WCOL                              00000007
MPASM 5.82                          MAIN.ASM   6-20-2023  19:19:47         PAGE 19


SYMBOL TABLE
  LABEL                             VALUE 

WDTCON                            00000FD1
WR                                00000001
WREG                              00000FE8
WREN                              00000002
WRERR                             00000003
WUE                               00000001
Z                                 00000002
_BORV_0_2L                        000000E7
_BORV_1_2L                        000000EF
_BORV_2_2L                        000000F7
_BORV_3_2L                        000000FF
_BOR_OFF_2L                       000000F9
_BOR_ON_2L                        000000FF
_BOR_ON_ACTIVE_2L                 000000FD
_BOR_SOFT_2L                      000000FB
_CCP2MX_OFF_3H                    000000FE
_CCP2MX_ON_3H                     000000FF
_CONFIG1H                         00300001
_CONFIG1L                         00300000
_CONFIG2H                         00300003
_CONFIG2L                         00300002
_CONFIG3H                         00300005
_CONFIG4L                         00300006
_CONFIG5H                         00300009
_CONFIG5L                         00300008
_CONFIG6H                         0030000B
_CONFIG6L                         0030000A
_CONFIG7H                         0030000D
_CONFIG7L                         0030000C
_CP0_OFF_5L                       000000FF
_CP0_ON_5L                        000000FE
_CP1_OFF_5L                       000000FF
_CP1_ON_5L                        000000FD
_CP2_OFF_5L                       000000FF
_CP2_ON_5L                        000000FB
_CP3_OFF_5L                       000000FF
_CP3_ON_5L                        000000F7
_CPB_OFF_5H                       000000FF
_CPB_ON_5H                        000000BF
_CPD_OFF_5H                       000000FF
_CPD_ON_5H                        0000007F
_CPUDIV_OSC1_PLL2_1L              000000E7
_CPUDIV_OSC2_PLL3_1L              000000EF
_CPUDIV_OSC3_PLL4_1L              000000F7
_CPUDIV_OSC4_PLL6_1L              000000FF
_DEBUG_OFF_4L                     000000FF
_DEBUG_ON_4L                      0000007F
_DEVID1                           003FFFFE
_DEVID2                           003FFFFF
_EBTR0_OFF_7L                     000000FF
_EBTR0_ON_7L                      000000FE
_EBTR1_OFF_7L                     000000FF
_EBTR1_ON_7L                      000000FD
MPASM 5.82                          MAIN.ASM   6-20-2023  19:19:47         PAGE 20


SYMBOL TABLE
  LABEL                             VALUE 

_EBTR2_OFF_7L                     000000FF
_EBTR2_ON_7L                      000000FB
_EBTR3_OFF_7L                     000000FF
_EBTR3_ON_7L                      000000F7
_EBTRB_OFF_7H                     000000FF
_EBTRB_ON_7H                      000000BF
_FCMEN_OFF_1H                     000000BF
_FCMEN_ON_1H                      000000FF
_FOSC_ECIO_EC_1H                  000000F4
_FOSC_ECPLLIO_EC_1H               000000F6
_FOSC_ECPLL_EC_1H                 000000F7
_FOSC_EC_EC_1H                    000000F5
_FOSC_HSPLL_HS_1H                 000000FE
_FOSC_HS_1H                       000000FC
_FOSC_INTOSCIO_EC_1H              000000F8
_FOSC_INTOSC_EC_1H                000000F9
_FOSC_INTOSC_HS_1H                000000FB
_FOSC_INTOSC_XT_1H                000000FA
_FOSC_XTPLL_XT_1H                 000000F2
_FOSC_XT_XT_1H                    000000F0
_IDLOC0                           00200000
_IDLOC1                           00200001
_IDLOC2                           00200002
_IDLOC3                           00200003
_IDLOC4                           00200004
_IDLOC5                           00200005
_IDLOC6                           00200006
_IDLOC7                           00200007
_IESO_OFF_1H                      0000007F
_IESO_ON_1H                       000000FF
_LPT1OSC_OFF_3H                   000000FB
_LPT1OSC_ON_3H                    000000FF
_LVP_OFF_4L                       000000FB
_LVP_ON_4L                        000000FF
_MCLRE_OFF_3H                     0000007F
_MCLRE_ON_3H                      000000FF
_PBADEN_OFF_3H                    000000FD
_PBADEN_ON_3H                     000000FF
_PLLDIV_10_1L                     000000FE
_PLLDIV_12_1L                     000000FF
_PLLDIV_1_1L                      000000F8
_PLLDIV_2_1L                      000000F9
_PLLDIV_3_1L                      000000FA
_PLLDIV_4_1L                      000000FB
_PLLDIV_5_1L                      000000FC
_PLLDIV_6_1L                      000000FD
_PWRT_OFF_2L                      000000FF
_PWRT_ON_2L                       000000FE
_STVREN_OFF_4L                    000000FE
_STVREN_ON_4L                     000000FF
_USBDIV_1_1L                      000000DF
_USBDIV_2_1L                      000000FF
_VREGEN_OFF_2L                    000000DF
MPASM 5.82                          MAIN.ASM   6-20-2023  19:19:47         PAGE 21


SYMBOL TABLE
  LABEL                             VALUE 

_VREGEN_ON_2L                     000000FF
_WDTPS_1024_2H                    000000F5
_WDTPS_128_2H                     000000EF
_WDTPS_16384_2H                   000000FD
_WDTPS_16_2H                      000000E9
_WDTPS_1_2H                       000000E1
_WDTPS_2048_2H                    000000F7
_WDTPS_256_2H                     000000F1
_WDTPS_2_2H                       000000E3
_WDTPS_32768_2H                   000000FF
_WDTPS_32_2H                      000000EB
_WDTPS_4096_2H                    000000F9
_WDTPS_4_2H                       000000E5
_WDTPS_512_2H                     000000F3
_WDTPS_64_2H                      000000ED
_WDTPS_8192_2H                    000000FB
_WDTPS_8_2H                       000000E7
_WDT_OFF_2H                       000000FE
_WDT_ON_2H                        000000FF
_WRT0_OFF_6L                      000000FF
_WRT0_ON_6L                       000000FE
_WRT1_OFF_6L                      000000FF
_WRT1_ON_6L                       000000FD
_WRT2_OFF_6L                      000000FF
_WRT2_ON_6L                       000000FB
_WRT3_OFF_6L                      000000FF
_WRT3_ON_6L                       000000F7
_WRTB_OFF_6H                      000000FF
_WRTB_ON_6H                       000000BF
_WRTC_OFF_6H                      000000FF
_WRTC_ON_6H                       000000DF
_WRTD_OFF_6H                      000000FF
_WRTD_ON_6H                       0000007F
_XINST_OFF_4L                     000000BF
_XINST_ON_4L                      000000FF
__18F2550                         00000001
delay_inner                       000001BA
delay_loop                        000001B6

Errors   :     0
Warnings :    15 reported,     0 suppressed
Messages :     0 reported,     0 suppressed

